<?xml version="1.0" encoding="UTF-8"?>
<!-- Generated by org.testng.reporters.JUnitReportReporter -->
<testsuite hostname="TANU" name="companyname.projectname.pagelibrary.testscripts.TestScript" tests="1" failures="0" timestamp="26 Jan 2017 09:01:09 GMT" time="20.961" errors="0">
  <testcase name="simpletest" time="20.961" classname="companyname.projectname.pagelibrary.testscripts.TestScript"/>
</testsuite> <!-- companyname.projectname.pagelibrary.testscripts.TestScript -->
